1. 2021-05-01 14:23:05 [INFO] Application started.
2. 2021-05-01 14:23:10 [DEBUG] Initializing database connection.
3. 2021-05-01 14:23:11 [INFO] Database connection successful.
4. 2021-05-01 14:23:12 [WARNING] Disk space low. Only 10% free.
5. 2021-05-01 14:23:15 [ERROR] Failed to process request. Missing required parameters.
6. 2021-05-01 14:23:18 [INFO] User logged in. IP Address: 192.168.0.1
7. 2021-05-01 14:23:20 [DEBUG] Fetching data from API.
8. 2021-05-01 14:23:21 [INFO] API request successful. Response: {"data": []}
9. 2021-05-01 14:23:25 [WARNING] SSL certificate expiring in 7 days.
10. 2021-05-01 14:23:30 [ERROR] Out of memory. Unable to allocate required resources.
11. 2021-05-01 14:23:35 [INFO] Processing file: example.txt
12. 2021-05-01 14:23:36 [DEBUG] Reading file contents.
13. 2021-05-01 14:23:37 [INFO] File read successfully.
14. 2021-05-01 14:23:40 [WARNING] Invalid file format. Expected CSV.
15. 2021-05-01 14:23:45 [ERROR] Database connection lost. Attempting to reconnect.
16. 2021-05-01 14:23:50 [INFO] Reconnected to the database.
17. 2021-05-01 14:23:55 [DEBUG] Starting background task: data processing.
18. 2021-05-01 14:23:56 [INFO] Background task started successfully.
19. 2021-05-01 14:24:00 [WARNING] Insufficient privileges. Access denied.
20. 2021-05-01 14:24:05 [ERROR] Failed to save changes to the database.
21. 2021-05-01 14:24:10 [INFO] User created. Username: john_doe
22. 2021-05-01 14:24:15 [DEBUG] Generating report.
23. 2021-05-01 14:24:16 [INFO] Report generated successfully. Size: 2.3 MB
24. 2021-05-01 14:24:20 [WARNING] High CPU usage detected.
25. 2021-05-01 14:24:25 [ERROR] Network connection lost. Retrying in 5 seconds.
26. 2021-05-01 14:24:30 [INFO] Connection reestablished.
27. 2021-05-01 14:24:35 [DEBUG] Loading configuration settings.
28. 2021-05-01 14:24:36 [INFO] Configuration loaded successfully.
29. 2021-05-01 14:24:40 [WARNING] Invalid input received. Ignoring.
30. 2021-05-01 14:24:45 [ERROR] Authentication failed for user: admin.
31. 2021-05-01 14:24:50 [INFO] Database backup initiated.
32. 2021-05-01 14:24:55 [DEBUG] Backing up data.
33. 2021-05-01 14:25:00 [INFO] Backup completed successfully. Destination: /var/backups/db_backup_20210501.bak
34. 2021-05-01 14:25:05 [WARNING] Low battery. Connect to power source.
35. 2021-05-01 14:25:10 [ERROR] Disk failure detected on /dev/sda.
36. 2021-05-01 14:25:15 [INFO] Server shutting down for maintenance.
37. 2021-05-01 14:25:20 [DEBUG] Closing active connections.
38. 2021-05-01 14:25:21 [INFO] Maintenance mode activated.
39. 2021-05-01 14:25:25 [WARNING] Deleting temporary files. Proceed with caution.
40. 2021-05-01 14:25:30 [ERROR] Unable to restart service. Dependencies not met.
41. 2021-05-01 14:25:35 [INFO] User account locked due to multiple failed login attempts.
42. 2021-05-01 14:25:40 [DEBUG] Sending email notification to admin.
43. 2021-05-01 14:25:41 [INFO] Email notification sent successfully.
44. 2021-05-01 14:25:45 [WARNING] CPU temperature exceeds safe threshold.
45. 2021-05-01 14:25:50 [ERROR] Database query timeout. Retrying.
46. 2021-05-01 14:25:55 [INFO] Request received from IP: 192.168.0.2
47. 2021-05-01 14:26:00 [DEBUG] Processing request.
48. 2021-05-01 14:26:01 [INFO] Request processed successfully.
49. 2021-05-01 14:26:05 [WARNING] Plugin version outdated. Update recommended.
50. 2021-05-01 14:26:10 [ERROR] Permission denied for file: confidential.txt
51. 2021-05-01 14:26:15 [INFO] User session expired. Redirecting to login page.
52. 2021-05-01 14:26:20 [DEBUG] Executing scheduled task: data cleanup.
53. 2021-05-01 14:26:21 [INFO] Data cleanup completed. Total records deleted: 1000.
54. 2021-05-01 14:26:25 [WARNING] Insufficient disk space for temporary files.
55. 2021-05-01 14:26:30 [ERROR] Failed to establish secure connection. SSL handshake error.
56. 2021-05-01 14:26:35 [INFO] New user registered. Username: jane_smith
57. 2021-05-01 14:26:40 [DEBUG] Fetching user data from API.
58. 2021-05-01 14:26:41 [INFO] User data retrieved successfully.
59. 2021-05-01 14:26:45 [WARNING] Memory leak detected. Restarting application.
60. 2021-05-01 14:26:50 [ERROR] Invalid request received. Missing required headers.
61. 2021-05-01 14:26:55 [INFO] File uploaded successfully. Filename: example.jpg
62. 2021-05-01 14:27:00 [DEBUG] Parsing XML data.
63. 2021-05-01 14:27:01 [INFO] XML data parsed successfully.
64. 2021-05-01 14:27:05 [WARNING] Connection timeout. Retrying in 10 seconds.
65. 2021-05-01 14:27:10 [ERROR] Unable to process payment. Insufficient funds.
66. 2021-05-01 14:27:15 [INFO] Generating PDF report.
67. 2021-05-01 14:27:16 [DEBUG] PDF report created successfully. Size: 1.8 MB
68. 2021-05-01 14:27:20 [WARNING] Network latency high. Check network configuration.
69. 2021-05-01 14:27:25 [ERROR] Server crash detected. Restarting server.
70. 2021-05-01 14:27:30 [INFO] Server restarted successfully.
71. 2021-05-01 14:27:35 [DEBUG] Running integrity checks on database.
72. 2021-05-01 14:27:36 [INFO] Database integrity verified. No errors found.
73. 2021-05-01 14:27:40 [WARNING] Excessive number of failed login attempts. Account locked for 30 minutes.
74. 2021-05-01 14:27:45 [ERROR] Outbound email delivery failed.
75. 2021-05-01 14:27:50 [INFO] Data import started. File: import_data.csv
76. 2021-05-01 14:27:55 [DEBUG] Importing data into the database.
77. 2021-05-01 14:28:00 [INFO] Data imported successfully. Total records: 5000
78. 2021-05-01 14:28:05 [WARNING] Invalid API key provided. Access denied.
79. 2021-05-01 14:28:10 [ERROR] File not found. Path: /var/www/files/document.docx
80. 2021-05-01 14:28:15 [INFO] User session extended for user: john_doe
81. 2021-05-01 14:28:20 [DEBUG] Starting backup process.
82. 2021-05-01 14:28:21 [INFO] Backup process initiated. Destination: /mnt/backup/
83. 2021-05-01 14:28:25 [WARNING] Server resource usage exceeded the threshold limit.
84. 2021-05-01 14:28:30 [ERROR] Database migration failed. Check migration scripts.
85. 2021-05-01 14:28:35 [INFO] User preferences updated successfully. User: jane_smith
86. 2021-05-01 14:28:40 [DEBUG] Fetching data from external service.
87. 2021-05-01 14:28:41 [INFO] Data retrieved successfully. Records: 10000
88. 2021-05-01 14:28:45 [WARNING] Server certificate expired. Renew certificate.
89. 2021-05-01 14:28:50 [ERROR] Invalid input data. Validation failed.
90. 2021-05-01 14:28:55 [INFO] Deleting temporary files.
91. 2021-05-01 14:29:00 [DEBUG] Temporary files deleted. Freed up 500 MB disk space.
92. 2021-05-01 14:29:05 [WARNING] Process taking longer than expected. Possible performance issue.
93. 2021-05-01 14:29:10 [ERROR] Unauthorized access attempt from IP: 192.168.0.3
94. 2021-05-01 14:29:15 [INFO] User account deactivated. Reason: Requested by user.
95. 2021-05-01 14:29:20 [DEBUG] Generating random token for authentication.
96. 2021-05-01 14:29:21 [INFO] Token generated successfully. Expiration: 1 hour.
97. 2021-05-01 14:29:25 [WARNING] Disk I/O operation failed. Check storage device.
98. 2021-05-01 14:29:30 [ERROR] Failed to establish connection with remote server.
99. 2021-05-01 14:29:35 [INFO] Administrator logged in. Username: admin
100. 2021-05-01 14:29:40 [DEBUG] Fetching user list from the database.
101. 2021-05-01 14:29:41 [INFO] User list retrieved successfully. Total users: 1000
102. 2021-05-01 14:29:45 [WARNING] Insufficient memory for operation. Consider upgrading.
103. 2021-05-01 14:29:50 [ERROR] Unexpected response received from API. Expected JSON.
104. 2021-05-01 14:29:55 [INFO] Server successfully started on IP: 192.168.1.100, Port: 8080
105. 2021-05-01 14:30:00 [DEBUG] Verifying user credentials.
106. 2021-05-01 14:30:01 [INFO] User login successful. User: john_doe
107. 2021-05-01 14:30:05 [WARNING] Detected suspicious activity. User: hacker123
108. 2021-05-01 14:30:10 [ERROR] Unable to reach DNS server. Check network connectivity.
109. 2021-05-01 14:30:15 [INFO] Data export started. Destination: export_data.csv
110. 2021-05-01 14:30:20 [DEBUG] Exporting data from the database.
111. 2021-05-01 14:30:21 [INFO] Data exported successfully. Total records: 10000
112. 2021-05-01 14:30:25 [WARNING] CPU cooling fan failure detected.
113. 2021-05-01 14:30:30 [ERROR] Invalid command. Check syntax and try again.
114. 2021-05-01 14:30:35 [INFO] Cache cleared successfully. Cleared 2 GB of cached data.
115. 2021-05-01 14:30:40 [DEBUG] Analyzing system logs for errors.
116. 2021-05-01 14:30:41 [INFO] No errors found in system logs.
117. 2021-05-01 14:30:45 [WARNING] High network traffic detected. Potential DDoS attack.
118. 2021-05-01 14:30:50 [ERROR] Remote server responded with HTTP 500 error.
119. 2021-05-01 14:30:55 [INFO] User activity logged. User: jane_smith, Action: Update Profile
120. 2021-05-01 14:31:00 [DEBUG] Checking available disk space.
121. 2021-05-01 14:31:01 [INFO] Disk space check completed. Available space: 50 GB
122. 2021-05-01 14:31:05 [WARNING] Insecure connection detected. Switching to secure channel.
123. 2021-05-01 14:31:10 [ERROR] Transaction rollback failed. Data integrity compromised.
124. 2021-05-01 14:31:15 [INFO] Server timezone updated. New timezone: GMT+2
125. 2021-05-01 14:31:20 [DEBUG] Performing system diagnostics.
126. 2021-05-01 14:31:21 [INFO] Diagnostics completed. No critical issues found.
127. 2021-05-01 14:31:25 [WARNING] Service response time exceeding acceptable limits.
128. 2021-05-01 14:31:30 [ERROR] Invalid configuration file. Reverting to default settings.
129. 2021-05-01 14:31:35 [INFO] User session expired. Prompting for reauthentication.
130. 2021-05-01 14:31:40 [DEBUG] Retrieving records from the archive. Year: 2020
131. 2021-05-01 14:31:41 [INFO] Records retrieved successfully. Total: 50000
132. 2021-05-01 14:31:45 [WARNING] Password complexity requirements not met.
133. 2021-05-01 14:31:50 [ERROR] Failed to open file for writing. Permission denied.
134. 2021-05-01 14:31:55 [INFO] Email sent. Recipient: john@example.com, Subject: Important Update
135. 2021-05-01 14:32:00 [DEBUG] Validating input fields.
136. 2021-05-01 14:32:01 [INFO] Validation complete. All fields passed validation.
137. 2021-05-01 14:32:05 [WARNING] System restart scheduled for maintenance.
138. 2021-05-01 14:32:10 [ERROR] Unable to establish secure connection with remote server.
139. 2021-05-01 14:32:15 [INFO] Logged out. User: admin
140. 2021-05-01 14:32:20 [DEBUG] Fetching user permissions.
141. 2021-05-01 14:32:21 [INFO] User permissions retrieved successfully. Total: 50
142. 2021-05-01 14:32:25 [WARNING] Excessive failed login attempts. IP blocked for 1 hour.
143. 2021-05-01 14:32:30 [ERROR] Database connection failed. Retrying in 10 seconds.
144. 2021-05-01 14:32:35 [INFO] Reconnected to the database.
145. 2021-05-01 14:32:40 [DEBUG] Running system backup.
146. 2021-05-01 14:32:41 [INFO] System backup initiated. Destination: /mnt/backup/
147. 2021-05-01 14:32:45 [WARNING] Abnormal system behavior detected. Run diagnostics.
148. 2021-05-01 14:32:50 [ERROR] Data corruption detected. Restoring from backup.
149. 2021-05-01 14:32:55 [INFO] Data restore completed successfully.
150. 2021-05-01 14:33:00 [DEBUG] Running automated tests.
151. 2021-05-01 14:33:01 [INFO] Automated tests passed. No failures found.
152. 2021-05-01 14:33:05 [WARNING] Unrecognized command. Ignoring.
153. 2021-05-01 14:33:10 [ERROR] Invalid database query. Check syntax and try again.
154. 2021-05-01 14:33:15 [INFO] File downloaded successfully. Filename: report.pdf
155. 2021-05-01 14:33:20 [DEBUG] Processing image files.
156. 2021-05-01 14:33:21 [INFO] Image processing completed. Total files processed: 1000
157. 2021-05-01 14:33:25 [WARNING] Disk drive SMART status: Failing. Backup data immediately.
158. 2021-05-01 14:33:30 [ERROR] Failed to authenticate with LDAP server.
159. 2021-05-01 14:33:35 [INFO] User account activated. User: jane_smith
160. 2021-05-01 14:33:40 [DEBUG] Exporting data as JSON.
161. 2021-05-01 14:33:41 [INFO] Data exported successfully. Format: JSON
162. 2021-05-01 14:33:45 [WARNING] High memory usage detected. Investigate resource-intensive processes.
163. 2021-05-01 14:33:50 [ERROR] File deletion failed. File is locked by another process.
164. 2021-05-01 14:33:55 [INFO] New version available. Update recommended.
165. 2021-05-01 14:34:00 [DEBUG] Parsing log files for errors.
166. 2021-05-01 14:34:01 [INFO] Log analysis complete. No critical errors found.
167. 2021-05-01 14:34:05 [WARNING] SSL certificate nearing expiration. Renew before expiry date.
168. 2021-05-01 14:34:10 [ERROR] Server overload. Implement load balancing solution.
169. 2021-05-01 14:34:15 [INFO] User access granted. User: john_doe, Role: Admin
170. 2021-05-01 14:34:20 [DEBUG] Fetching user settings from database.
171. 2021-05-01 14:34:21 [INFO] User settings retrieved successfully.
172. 2021-05-01 14:34:25 [WARNING] Network adapter malfunction detected.
173. 2021-05-01 14:34:30 [ERROR] Database replication failed. Check replication configuration.
174. 2021-05-01 14:34:35 [INFO] Login throttling enabled. Maximum login attempts: 3
175. 2021-05-01 14:34:40 [DEBUG] Calculating average response time.
176. 2021-05-01 14:34:41 [INFO] Average response time calculated: 150 ms
177. 2021-05-01 14:34:45 [WARNING] Insufficient entropy available for secure random number generation.
178. 2021-05-01 14:34:50 [ERROR] File permission error. Read/Write access required.
179. 2021-05-01 14:34:55 [INFO] User session terminated. Inactivity timeout.
180. 2021-05-01 14:35:00 [DEBUG] Checking database for consistency.
181. 2021-05-01 14:35:01 [INFO] Database consistency check completed. No issues identified.
182. 2021-05-01 14:35:05 [WARNING] Exceeded maximum file size limit. Truncating file.
183. 2021-05-01 14:35:10 [ERROR] Network connection reset by peer. Attempting reconnection.
184. 2021-05-01 14:35:15 [INFO] File moved successfully. Source: /tmp/file1.txt, Destination: /var/www/files/
185. 2021-05-01 14:35:20 [DEBUG] Fetching log entries for the last hour.
186. 2021-05-01 14:35:21 [INFO] Log entries retrieved successfully. Total count: 1200
187. 2021-05-01 14:35:25 [WARNING] CPU temperature critical. Throttling performance to prevent overheating.
188. 2021-05-01 14:35:30 [ERROR] Failed to acquire lock for resource. Try again later.
189. 2021-05-01 14:35:35 [INFO] User password changed successfully. User: jane_smith
190. 2021-05-01 14:35:40 [DEBUG] Retrieving data from cache. Key: user_data_123
191. 2021-05-01 14:35:41 [INFO] Data retrieved from cache successfully.
192. 2021-05-01 14:35:45 [WARNING] Insufficient system resources to continue.
192. 2021-05-01 14:35:45 [WARNING] Insufficient system resources to perform requested operation.
193. 2021-05-01 14:35:50 [ERROR] Database connection pool exhausted. Waiting for available connections.
194. 2021-05-01 14:35:55 [INFO] User session started. User: john_doe
195. 2021-05-01 14:36:00 [DEBUG] Executing complex database query.
196. 2021-05-01 14:36:01 [INFO] Query executed successfully. Results: 500 rows
197. 2021-05-01 14:36:05 [WARNING] Disk read error occurred on device /dev/sdb.
198. 2021-05-01 14:36:10 [ERROR] Service timeout exceeded. Aborting request.
199. 2021-05-01 14:36:15 [INFO] Sent push notification to user: john_doe
200. 2021-05-01 14:36:20 [DEBUG] Cleaning up temporary files.